[     130ms] [LOG] [Fast Refresh] rebuilding @ http://localhost:3000/_next/static/chunks/node_modules_next_dist_1ybzpk2._.js:2477
[     360ms] [LOG] [Fast Refresh] done in 332ms @ http://localhost:3000/_next/static/chunks/node_modules_next_dist_1ybzpk2._.js:2477
[    2220ms] [INFO] %cDownload the React DevTools for a better development experience: https://react.dev/link/react-devtools font-weight:bold @ http://localhost:3000/_next/static/chunks/node_modules_next_dist_1ybzpk2._.js:2477
[    2235ms] [LOG] [HMR] connected @ http://localhost:3000/_next/static/chunks/node_modules_next_dist_1ybzpk2._.js:2477
[  182568ms] RbdInvariant: Invariant failed: Cannot stop drag when no active drag
    at invariant (http://localhost:3000/_next/static/chunks/node_modules_%40hello-pangea_dnd_dist_dnd_esm_135k04z.js:94:15)
    at useDroppablePublisher.useCallback[dragStopped] [as dragStopped] (http://localhost:3000/_next/static/chunks/node_modules_%40hello-pangea_dnd_dist_dnd_esm_135k04z.js:6769:64)
    at http://localhost:3000/_next/static/chunks/node_modules_%40hello-pangea_dnd_dist_dnd_esm_135k04z.js:3219:85
    at Array.forEach (<anonymous>)
    at Object.stopPublishing (http://localhost:3000/_next/static/chunks/node_modules_%40hello-pangea_dnd_dist_dnd_esm_135k04z.js:3219:52)
    at http://localhost:3000/_next/static/chunks/node_modules_%40hello-pangea_dnd_dist_dnd_esm_135k04z.js:2933:29
    at http://localhost:3000/_next/static/chunks/node_modules_%40hello-pangea_dnd_dist_dnd_esm_135k04z.js:2384:17
    at dispatch (http://localhost:3000/_next/static/chunks/node_modules_0qhf-78._.js:12233:46)
    at http://localhost:3000/_next/static/chunks/node_modules_%40hello-pangea_dnd_dist_dnd_esm_135k04z.js:2552:17
    at http://localhost:3000/_next/static/chunks/node_modules_%40hello-pangea_dnd_dist_dnd_esm_135k04z.js:2341:21
    at http://localhost:3000/_next/static/chunks/node_modules_%40hello-pangea_dnd_dist_dnd_esm_135k04z.js:2935:17
    at Object.dispatch (http://localhost:3000/_next/static/chunks/node_modules_%40hello-pangea_dnd_dist_dnd_esm_135k04z.js:2384:17)
    at finish (http://localhost:3000/_next/static/chunks/node_modules_%40hello-pangea_dnd_dist_dnd_esm_135k04z.js:5493:19)
    at Object.cancel (http://localhost:3000/_next/static/chunks/node_modules_%40hello-pangea_dnd_dist_dnd_esm_135k04z.js:5506:32)
    at cancel (http://localhost:3000/_next/static/chunks/node_modules_%40hello-pangea_dnd_dist_dnd_esm_135k04z.js:4821:17)
    at fn (http://localhost:3000/_next/static/chunks/node_modules_%40hello-pangea_dnd_dist_dnd_esm_135k04z.js:4833:21)
[  182568ms] RbdInvariant: Invariant failed: Cannot stop drag when no active drag
    at invariant (http://localhost:3000/_next/static/chunks/node_modules_%40hello-pangea_dnd_dist_dnd_esm_135k04z.js:94:15)
    at useDroppablePublisher.useCallback[dragStopped] [as dragStopped] (http://localhost:3000/_next/static/chunks/node_modules_%40hello-pangea_dnd_dist_dnd_esm_135k04z.js:6769:64)
    at http://localhost:3000/_next/static/chunks/node_modules_%40hello-pangea_dnd_dist_dnd_esm_135k04z.js:3219:85
    at Array.forEach (<anonymous>)
    at Object.stopPublishing (http://localhost:3000/_next/static/chunks/node_modules_%40hello-pangea_dnd_dist_dnd_esm_135k04z.js:3219:52)
    at http://localhost:3000/_next/static/chunks/node_modules_%40hello-pangea_dnd_dist_dnd_esm_135k04z.js:2933:29
    at Object.dispatch (http://localhost:3000/_next/static/chunks/node_modules_%40hello-pangea_dnd_dist_dnd_esm_135k04z.js:2384:17)
    at App.useCallback[tryResetStore] [as tryAbort] (http://localhost:3000/_next/static/chunks/node_modules_%40hello-pangea_dnd_dist_dnd_esm_135k04z.js:5817:25)
    at ErrorBoundary.onWindowError (http://localhost:3000/_next/static/chunks/node_modules_%40hello-pangea_dnd_dist_dnd_esm_135k04z.js:105:27)
[  220795ms] [ERROR] ./src/modules/crm/views/pipeline/PipelineBoard.tsx:544:10
Unexpected token. Did you mean `{'}'}` or `&rbrace;`?
  542 |             </Droppable>
  543 |           </div>
> 544 |         )}
      |          ^
  545 |       </DragDropContext>
  546 |
  547 |       {verliesDeal && (

Parsing ecmascript source code failed

Import trace:
  Server Component:
    ./src/modules/crm/views/pipeline/PipelineBoard.tsx
    ./src/modules/crm/views/pipeline/PipelineView.tsx
    ./src/app/(payload)/admin/importMap.js
    ./src/app/(payload)/layout.tsx @ http://localhost:3000/_next/static/chunks/node_modules_next_dist_1ybzpk2._.js:3318
[  220829ms] [LOG] [Fast Refresh] rebuilding @ http://localhost:3000/_next/static/chunks/node_modules_next_dist_1ybzpk2._.js:2477
[  223091ms] [LOG] [Fast Refresh] rebuilding @ http://localhost:3000/_next/static/chunks/node_modules_next_dist_1ybzpk2._.js:2477
[  223438ms] [LOG] [Fast Refresh] done in 26ms @ http://localhost:3000/_next/static/chunks/node_modules_next_dist_1ybzpk2._.js:2477
[  223544ms] [LOG] %c%s%c Generating import map background: #e6e6e6;background: light-dark(rgba(0,0,0,0.1), rgba(255,255,255,0.25));color: #000000;color: light-dark(#000000, #ffffff);border-radius: 2px  Server   @ http://localhost:3000/_next/static/chunks/node_modules_next_dist_1ybzpk2._.js:2477
[  224263ms] [LOG] %c%s%c No new imports found, skipping writing import map background: #e6e6e6;background: light-dark(rgba(0,0,0,0.1), rgba(255,255,255,0.25));color: #000000;color: light-dark(#000000, #ffffff);border-radius: 2px  Server   @ http://localhost:3000/_next/static/chunks/node_modules_next_dist_1ybzpk2._.js:2477
[  226984ms] [LOG] [Fast Refresh] rebuilding @ http://localhost:3000/_next/static/chunks/node_modules_next_dist_1ybzpk2._.js:2477
[  227022ms] [LOG] %c%s%c Generating import map background: #e6e6e6;background: light-dark(rgba(0,0,0,0.1), rgba(255,255,255,0.25));color: #000000;color: light-dark(#000000, #ffffff);border-radius: 2px  Server   @ http://localhost:3000/_next/static/chunks/node_modules_next_dist_1ybzpk2._.js:2477
[  227034ms] [LOG] [Fast Refresh] done in 93ms @ http://localhost:3000/_next/static/chunks/node_modules_next_dist_1ybzpk2._.js:2477
[  227332ms] [LOG] %c%s%c No new imports found, skipping writing import map background: #e6e6e6;background: light-dark(rgba(0,0,0,0.1), rgba(255,255,255,0.25));color: #000000;color: light-dark(#000000, #ffffff);border-radius: 2px  Server   @ http://localhost:3000/_next/static/chunks/node_modules_next_dist_1ybzpk2._.js:2477
[  238863ms] [LOG] [Fast Refresh] rebuilding @ http://localhost:3000/_next/static/chunks/node_modules_next_dist_1ybzpk2._.js:2477
[  238915ms] [LOG] [Fast Refresh] done in 47ms @ http://localhost:3000/_next/static/chunks/node_modules_next_dist_1ybzpk2._.js:2477
[  241651ms] [LOG] [Fast Refresh] rebuilding @ http://localhost:3000/_next/static/chunks/node_modules_next_dist_1ybzpk2._.js:2477
[  241700ms] [LOG] [Fast Refresh] done in 18ms @ http://localhost:3000/_next/static/chunks/node_modules_next_dist_1ybzpk2._.js:2477
[  243631ms] [LOG] [Fast Refresh] rebuilding @ http://localhost:3000/_next/static/chunks/node_modules_next_dist_1ybzpk2._.js:2477
[  243687ms] [LOG] [Fast Refresh] done in 24ms @ http://localhost:3000/_next/static/chunks/node_modules_next_dist_1ybzpk2._.js:2477
[  259196ms] [LOG] [Fast Refresh] rebuilding @ http://localhost:3000/_next/static/chunks/node_modules_next_dist_1ybzpk2._.js:2477
[  259250ms] [LOG] [Fast Refresh] done in 15ms @ http://localhost:3000/_next/static/chunks/node_modules_next_dist_1ybzpk2._.js:2477
